Apr 13, 2017 2:18:21 AM MailFile main
INFO: Reading data file
Apr 13, 2017 2:18:21 AM MailFile main
INFO: Entering While-Loop
Apr 13, 2017 2:18:21 AM MailFile main
INFO: Reads: #Sender
Apr 13, 2017 2:18:21 AM MailFile main
INFO: Reads: #User
Apr 13, 2017 2:18:21 AM MailFile main
INFO: Reads: #Password
Apr 13, 2017 2:18:21 AM MailFile main
INFO: Reads: #Host
Apr 13, 2017 2:18:21 AM MailFile main
INFO: Reads: #Port
Apr 13, 2017 2:18:21 AM MailFile main
INFO: Reads: #Subject
Apr 13, 2017 2:18:21 AM MailFile main
INFO: Reads: #Text
Apr 13, 2017 2:18:21 AM MailFile main
INFO: Checking correctness of data
Apr 13, 2017 2:18:21 AM MailFile main
INFO: Starting sending of smtp mail
Apr 13, 2017 2:18:21 AM MailFile$SMTP <init>
INFO: Created SMTP Object
Apr 13, 2017 2:18:21 AM MailFile main
INFO: Is mail null?: false
Apr 13, 2017 2:18:21 AM MailFile$SMTP send
INFO: Starting socket setup
Apr 13, 2017 2:18:21 AM MailFile$SMTP send
INFO: Establishing SSL/TLS connection
Apr 13, 2017 2:18:21 AM MailFile$SMTP send
INFO: Checking Socket, connected? true
Apr 13, 2017 2:18:21 AM MailFile$SMTP send
INFO: Sending...
Apr 13, 2017 2:18:21 AM MailFile$SMTP send
INFO: Initial: 220 mailgate.informatik.haw-hamburg.de ESMTP Postfix
Apr 13, 2017 2:18:21 AM MailFile$SMTP send
INFO: 
EHLO 250-mailgate.informatik.haw-hamburg.de
250-PIPELINING
250-SIZE 26214400
250-ETRN
250-AUTH PLAIN LOGIN
250-AUTH=PLAIN LOGIN
250-ENHANCEDSTATUSCODES
250-8BITMIME
250 DSN
Apr 13, 2017 2:18:21 AM MailFile$SMTP send
INFO: AUTH 334 VXNlcm5hbWU6 334 UGFzc3dvcmQ6
Apr 13, 2017 2:18:22 AM MailFile$SMTP send
INFO: SUCCESS? 235 2.7.0 Authentication successful
Apr 13, 2017 2:18:22 AM MailFile$SMTP send
INFO: From 250 2.1.0 Ok
Apr 13, 2017 2:18:22 AM MailFile$SMTP send
INFO: RCPT 250 2.1.5 Ok
Apr 13, 2017 2:18:22 AM MailFile$SMTP send
INFO: 354 End data with <CR><LF>.<CR><LF>
Apr 13, 2017 2:18:22 AM MailFile$SMTP send
INFO: Guessed MimeType: application/octet-stream
Apr 13, 2017 2:18:22 AM MailFile$SMTP send
INFO: Guessed MimeType: application/octet-stream
Apr 13, 2017 2:18:22 AM MailFile$SMTP send
INFO: QUEUED 250 2.0.0 Ok: queued as 23AAF2B0B6
Apr 13, 2017 2:18:22 AM MailFile$SMTP send
INFO: 502 5.5.2 Error: command not recognized
Apr 13, 2017 2:18:22 AM MailFile$SMTP send
INFO: BYE 221 2.0.0 Bye
Apr 13, 2017 2:18:22 AM MailFile$SMTP send
INFO: Leaving send and closing socket
Apr 13, 2017 2:18:22 AM MailFile main
INFO: Email sent
