May 03, 2017 10:26:18 PM src.ChatServer start
INFO: Server ist auf dem Port 13000 gestartet
May 03, 2017 10:26:25 PM src.ChatServer logger
INFO: Accepted connection
May 03, 2017 10:26:25 PM src.ChatServer logger
INFO: Starting client thread
May 03, 2017 10:26:26 PM src.ChatServer$ClientThread <init>
INFO: Initialized ClientThread STANDARD_USER
May 03, 2017 10:26:26 PM src.ChatServer$ClientThread run
INFO: ClientThread STANDARD_USER started
May 03, 2017 10:26:26 PM src.ChatServer logger
INFO: GENERAL: STANDARD_USER sent following message: aa
May 03, 2017 10:26:26 PM src.ChatServer logger
INFO: aa sending message
May 03, 2017 10:26:26 PM src.ChatServer logger
INFO: aa logged successfully in
May 03, 2017 10:26:27 PM src.ChatServer logger
INFO: GENERAL: aa sent following message: aa requesting list of users
May 03, 2017 10:26:27 PM src.ChatServer logger
INFO: aa sending message
May 03, 2017 10:26:32 PM src.ChatServer logger
INFO: GENERAL: aa sent following message: aa requesting list of users in current chatroom
May 03, 2017 10:26:32 PM src.ChatServer logger
INFO: aa sending message
May 03, 2017 10:26:34 PM src.ChatServer logger
INFO: GENERAL: aa sent following message: aa requesting list of chatrooms
May 03, 2017 10:26:34 PM src.ChatServer logger
INFO: aa sending message
May 03, 2017 10:26:34 PM src.ChatServer$ClientThread run
INFO: Listed server for aa
May 03, 2017 10:26:37 PM src.ChatServer logger
INFO: GENERAL: aa sent following message: which chatroom am I in?
May 03, 2017 10:26:37 PM src.ChatServer logger
INFO: aa sending message
May 03, 2017 10:26:45 PM src.ChatServer logger
INFO: GENERAL: aa sent following message: hallo
May 03, 2017 10:26:45 PM src.ChatServer logger
INFO: aa sending message
May 03, 2017 10:26:45 PM src.ChatServer$ClientThread run
INFO: Created chatroom: hallo
May 03, 2017 10:26:46 PM src.ChatServer logger
INFO: hallo: aa sent following message: hi
May 03, 2017 10:26:46 PM src.ChatServer logger
INFO: aa sending message
May 03, 2017 10:26:46 PM src.ChatServer logger
INFO: Logged message to chatroom hallo
May 03, 2017 10:26:48 PM src.ChatServer logger
INFO: hallo: aa sent following message: aa requesting list of users
May 03, 2017 10:26:48 PM src.ChatServer logger
INFO: aa sending message
May 03, 2017 10:26:53 PM src.ChatServer logger
INFO: hallo: aa sent following message: aa requesting list of users in current chatroom
May 03, 2017 10:26:53 PM src.ChatServer logger
INFO: aa sending message
